<?xml version="1.0" encoding="UTF-8" standalone="yes" ?>
<test-results name="C:\ArviFox\reps\MFS\CI_GKZ\Source\TestX\Output\gkztestproj.exe" total="3" errors="0" failures="0" ignored="0" inconclusive="0" not-run="0" skipped="0" invalid="0" date="2017-07-17" time="0.000">
  <culture-info current-culture="en" current-uiculture="en" />
  <test-suite type="Assembly" name="gkztestproj.exe" executed="true" result="Success" success="True" time="0.000" asserts="0">
    <results>
        <test-suite type="Namespace" name="gkz_case_2" executed="true" result="Success" success="True" time="0.000" asserts="0" >
          <results>
              <test-suite type="Fixture" name="TGKZCase2" executed="True" result="Success" success="True" time="0.000" >
                <results>
                  <test-case name="CheckCase2" executed="True" result="Success" success="True" time="0.000" asserts="0" />
                </results>
              </test-suite>
          </results>
        </test-suite>
        <test-suite type="Namespace" name="gkz_case_3" executed="true" result="Success" success="True" time="0.000" asserts="0" >
          <results>
              <test-suite type="Fixture" name="TGKZCase3" executed="True" result="Success" success="True" time="0.000" >
                <results>
                  <test-case name="CheckCase3" executed="True" result="Success" success="True" time="0.000" asserts="0" />
                </results>
              </test-suite>
          </results>
        </test-suite>
        <test-suite type="Namespace" name="gkz_case_1" executed="true" result="Success" success="True" time="0.000" asserts="0" >
          <results>
              <test-suite type="Fixture" name="TGKZCase1" executed="True" result="Success" success="True" time="0.000" >
                <results>
                  <test-case name="CheckCase1" executed="True" result="Success" success="True" time="0.000" asserts="0" />
                </results>
              </test-suite>
          </results>
        </test-suite>
    </results>
  </test-suite>
</test-results>
